2016-04-12 09:15:52,238::ERROR: main | SchemaExport.perform()	| org.hibernate.tool.hbm2ddl.SchemaExport
		HHH000389: Unsuccessful: alter table donates drop constraint FK_3lipv73n8k6ctiijg7xbuilo1
2016-04-12 09:15:52,238::ERROR: main | SchemaExport.perform()	| org.hibernate.tool.hbm2ddl.SchemaExport
		HHH000389: Unsuccessful: alter table donates drop constraint FK_3lipv73n8k6ctiijg7xbuilo1
2016-04-12 09:15:52,241::ERROR: main | SchemaExport.perform()	| org.hibernate.tool.hbm2ddl.SchemaExport
		ERROR: relation "donates" does not exist
2016-04-12 09:15:52,241::ERROR: main | SchemaExport.perform()	| org.hibernate.tool.hbm2ddl.SchemaExport
		ERROR: relation "donates" does not exist
2016-04-12 09:15:52,242::ERROR: main | SchemaExport.perform()	| org.hibernate.tool.hbm2ddl.SchemaExport
		HHH000389: Unsuccessful: alter table donates drop constraint FK_8pflaqv4qhatqorocdctf5fkv
2016-04-12 09:15:52,242::ERROR: main | SchemaExport.perform()	| org.hibernate.tool.hbm2ddl.SchemaExport
		HHH000389: Unsuccessful: alter table donates drop constraint FK_8pflaqv4qhatqorocdctf5fkv
2016-04-12 09:15:52,243::ERROR: main | SchemaExport.perform()	| org.hibernate.tool.hbm2ddl.SchemaExport
		ERROR: relation "donates" does not exist
2016-04-12 09:15:52,243::ERROR: main | SchemaExport.perform()	| org.hibernate.tool.hbm2ddl.SchemaExport
		ERROR: relation "donates" does not exist
2016-04-12 09:15:52,244::ERROR: main | SchemaExport.perform()	| org.hibernate.tool.hbm2ddl.SchemaExport
		HHH000389: Unsuccessful: alter table projects drop constraint FK_9co98uyr9lrfk8wdup5g4oea3
2016-04-12 09:15:52,244::ERROR: main | SchemaExport.perform()	| org.hibernate.tool.hbm2ddl.SchemaExport
		HHH000389: Unsuccessful: alter table projects drop constraint FK_9co98uyr9lrfk8wdup5g4oea3
2016-04-12 09:15:52,244::ERROR: main | SchemaExport.perform()	| org.hibernate.tool.hbm2ddl.SchemaExport
		ERROR: relation "projects" does not exist
2016-04-12 09:15:52,244::ERROR: main | SchemaExport.perform()	| org.hibernate.tool.hbm2ddl.SchemaExport
		ERROR: relation "projects" does not exist
2016-04-12 09:15:52,245::ERROR: main | SchemaExport.perform()	| org.hibernate.tool.hbm2ddl.SchemaExport
		HHH000389: Unsuccessful: alter table projects drop constraint FK_afqu5s8xbwmgsv6jowtp083ku
2016-04-12 09:15:52,245::ERROR: main | SchemaExport.perform()	| org.hibernate.tool.hbm2ddl.SchemaExport
		HHH000389: Unsuccessful: alter table projects drop constraint FK_afqu5s8xbwmgsv6jowtp083ku
2016-04-12 09:15:52,245::ERROR: main | SchemaExport.perform()	| org.hibernate.tool.hbm2ddl.SchemaExport
		ERROR: relation "projects" does not exist
2016-04-12 09:15:52,245::ERROR: main | SchemaExport.perform()	| org.hibernate.tool.hbm2ddl.SchemaExport
		ERROR: relation "projects" does not exist
2016-04-12 09:17:56,142:: WARN: qtp198374825-15 | DispatcherServlet.noHandlerFound()	| org.springframework.web.servlet.PageNotFound
		No mapping found for HTTP request with URI [/favicon.ico] in DispatcherServlet with name 'dispatcher'
2016-04-12 09:17:56,142:: WARN: qtp198374825-15 | DispatcherServlet.noHandlerFound()	| org.springframework.web.servlet.PageNotFound
		No mapping found for HTTP request with URI [/favicon.ico] in DispatcherServlet with name 'dispatcher'
2016-04-12 11:30:53,828:: WARN: qtp2050291306-16 | DispatcherServlet.noHandlerFound()	| org.springframework.web.servlet.PageNotFound
		No mapping found for HTTP request with URI [/categories/] in DispatcherServlet with name 'dispatcher'
2016-04-12 11:30:53,828:: WARN: qtp2050291306-16 | DispatcherServlet.noHandlerFound()	| org.springframework.web.servlet.PageNotFound
		No mapping found for HTTP request with URI [/categories/] in DispatcherServlet with name 'dispatcher'
2016-04-12 11:30:57,081:: WARN: qtp2050291306-15 | DispatcherServlet.noHandlerFound()	| org.springframework.web.servlet.PageNotFound
		No mapping found for HTTP request with URI [/categories/] in DispatcherServlet with name 'dispatcher'
2016-04-12 11:30:57,081:: WARN: qtp2050291306-15 | DispatcherServlet.noHandlerFound()	| org.springframework.web.servlet.PageNotFound
		No mapping found for HTTP request with URI [/categories/] in DispatcherServlet with name 'dispatcher'
2016-04-12 11:31:03,364:: WARN: qtp2050291306-15 | DispatcherServlet.noHandlerFound()	| org.springframework.web.servlet.PageNotFound
		No mapping found for HTTP request with URI [/category/] in DispatcherServlet with name 'dispatcher'
2016-04-12 11:31:03,364:: WARN: qtp2050291306-15 | DispatcherServlet.noHandlerFound()	| org.springframework.web.servlet.PageNotFound
		No mapping found for HTTP request with URI [/category/] in DispatcherServlet with name 'dispatcher'
